<?xml version="1.0" encoding="UTF-8"?>
<!-- Generated by org.testng.reporters.JUnitXMLReporter -->
<testsuite hostname="caohch1-OptiPlex-7090" ignored="0" tests="3" failures="1" timestamp="21 Aug 2023 07:13:22 GMT" time="29.559" errors="0">
  <testcase name="testLogin" time="6.889" classname="TestFlowTwoCancel"/>
  <testcase name="testViewOrders" time="3.503" classname="TestFlowTwoCancel"/>
  <testcase name="testClickOrderCancel" time="17.926" classname="TestFlowTwoCancel">
    <failure type="java.lang.AssertionError" message="expected [true] but found [false]">
      <![CDATA[java.lang.AssertionError: expected [true] but found [false]
	at TestFlowTwoCancel.testClickOrderCancel(TestFlowTwoCancel.java:125)
... Removed 40 stack frames]]>
    </failure>
  </testcase> <!-- testClickOrderCancel -->
</testsuite>
